2019-05-24 09:18:04.259  INFO 25307 --- [main] h.s.StaticTrafficManagementApplication   : Starting StaticTrafficManagementApplication on shuangjiadeMacBook-Pro.local with PID 25307 (/Users/shuangjiaxu/eclipse-workspace/static-traffic-management/target/classes started by shuangjiaxu in /Users/shuangjiaxu/eclipse-workspace/static-traffic-management)
2019-05-24 09:18:04.272  INFO 25307 --- [main] h.s.StaticTrafficManagementApplication   : No active profile set, falling back to default profiles: default
2019-05-24 09:18:04.828  WARN 25307 --- [main] o.m.s.mapper.ClassPathMapperScanner      : No MyBatis mapper was found in '[ht.statictrafficmanagement]' package. Please check your configuration.
2019-05-24 09:18:05.595  INFO 25307 --- [main] o.s.b.w.embedded.tomcat.TomcatWebServer  : Tomcat initialized with port(s): 8080 (http)
2019-05-24 09:18:05.622  INFO 25307 --- [main] o.apache.catalina.core.StandardService   : Starting service [Tomcat]
2019-05-24 09:18:05.626  INFO 25307 --- [main] org.apache.catalina.core.StandardEngine  : Starting Servlet engine: [Apache Tomcat/9.0.16]
2019-05-24 09:18:05.636  INFO 25307 --- [main] o.a.catalina.core.AprLifecycleListener   : The APR based Apache Tomcat Native library which allows optimal performance in production environments was not found on the java.library.path: [/Users/shuangjiaxu/Library/Java/Extensions:/Library/Java/Extensions:/Network/Library/Java/Extensions:/System/Library/Java/Extensions:/usr/lib/java:.]
2019-05-24 09:18:05.734  INFO 25307 --- [main] o.a.c.c.C.[Tomcat].[localhost].[/]       : Initializing Spring embedded WebApplicationContext
2019-05-24 09:18:05.734  INFO 25307 --- [main] o.s.web.context.ContextLoader            : Root WebApplicationContext: initialization completed in 1407 ms
2019-05-24 09:18:05.952  INFO 25307 --- [main] o.s.s.concurrent.ThreadPoolTaskExecutor  : Initializing ExecutorService 'applicationTaskExecutor'
2019-05-24 09:18:06.407  INFO 25307 --- [main] o.s.b.w.embedded.tomcat.TomcatWebServer  : Tomcat started on port(s): 8080 (http) with context path ''
2019-05-24 09:18:06.410  INFO 25307 --- [main] h.s.StaticTrafficManagementApplication   : Started StaticTrafficManagementApplication in 2.48 seconds (JVM running for 2.902)
2019-05-24 09:18:17.118  INFO 25307 --- [http-nio-8080-exec-1] o.a.c.c.C.[Tomcat].[localhost].[/]       : Initializing Spring DispatcherServlet 'dispatcherServlet'
2019-05-24 09:18:17.118  INFO 25307 --- [http-nio-8080-exec-1] o.s.web.servlet.DispatcherServlet        : Initializing Servlet 'dispatcherServlet'
2019-05-24 09:18:17.125  INFO 25307 --- [http-nio-8080-exec-1] o.s.web.servlet.DispatcherServlet        : Completed initialization in 7 ms
2019-05-24 09:22:43.016  WARN 25307 --- [http-nio-8080-exec-2] .w.s.m.s.DefaultHandlerExceptionResolver : Resolved [org.springframework.web.HttpRequestMethodNotSupportedException: Request method 'POST' not supported]
2019-05-24 09:29:10.411  WARN 25307 --- [http-nio-8080-exec-9] .w.s.m.s.DefaultHandlerExceptionResolver : Resolved [org.springframework.web.HttpRequestMethodNotSupportedException: Request method 'POST' not supported]
2019-05-24 09:31:37.799  INFO 25307 --- [Thread-3] o.s.s.concurrent.ThreadPoolTaskExecutor  : Shutting down ExecutorService 'applicationTaskExecutor'
2019-05-24 09:32:51.870  INFO 25350 --- [main] h.s.StaticTrafficManagementApplication   : Starting StaticTrafficManagementApplication on shuangjiadeMacBook-Pro.local with PID 25350 (/Users/shuangjiaxu/eclipse-workspace/static-traffic-management/target/classes started by shuangjiaxu in /Users/shuangjiaxu/eclipse-workspace/static-traffic-management)
2019-05-24 09:32:51.871  INFO 25350 --- [main] h.s.StaticTrafficManagementApplication   : No active profile set, falling back to default profiles: default
2019-05-24 09:32:52.303  WARN 25350 --- [main] o.m.s.mapper.ClassPathMapperScanner      : No MyBatis mapper was found in '[ht.statictrafficmanagement]' package. Please check your configuration.
2019-05-24 09:32:52.933  INFO 25350 --- [main] o.s.b.w.embedded.tomcat.TomcatWebServer  : Tomcat initialized with port(s): 8080 (http)
2019-05-24 09:32:52.962  INFO 25350 --- [main] o.apache.catalina.core.StandardService   : Starting service [Tomcat]
2019-05-24 09:32:52.962  INFO 25350 --- [main] org.apache.catalina.core.StandardEngine  : Starting Servlet engine: [Apache Tomcat/9.0.16]
2019-05-24 09:32:52.971  INFO 25350 --- [main] o.a.catalina.core.AprLifecycleListener   : The APR based Apache Tomcat Native library which allows optimal performance in production environments was not found on the java.library.path: [/Users/shuangjiaxu/Library/Java/Extensions:/Library/Java/Extensions:/Network/Library/Java/Extensions:/System/Library/Java/Extensions:/usr/lib/java:.]
2019-05-24 09:32:53.087  INFO 25350 --- [main] o.a.c.c.C.[Tomcat].[localhost].[/]       : Initializing Spring embedded WebApplicationContext
2019-05-24 09:32:53.087  INFO 25350 --- [main] o.s.web.context.ContextLoader            : Root WebApplicationContext: initialization completed in 1182 ms
2019-05-24 09:32:53.405  INFO 25350 --- [main] o.s.s.concurrent.ThreadPoolTaskExecutor  : Initializing ExecutorService 'applicationTaskExecutor'
2019-05-24 09:32:53.856  INFO 25350 --- [main] o.s.b.w.embedded.tomcat.TomcatWebServer  : Tomcat started on port(s): 8080 (http) with context path ''
2019-05-24 09:32:53.860  INFO 25350 --- [main] h.s.StaticTrafficManagementApplication   : Started StaticTrafficManagementApplication in 2.371 seconds (JVM running for 2.688)
2019-05-24 09:32:54.922  INFO 25350 --- [http-nio-8080-exec-1] o.a.c.c.C.[Tomcat].[localhost].[/]       : Initializing Spring DispatcherServlet 'dispatcherServlet'
2019-05-24 09:32:54.922  INFO 25350 --- [http-nio-8080-exec-1] o.s.web.servlet.DispatcherServlet        : Initializing Servlet 'dispatcherServlet'
2019-05-24 09:32:54.928  INFO 25350 --- [http-nio-8080-exec-1] o.s.web.servlet.DispatcherServlet        : Completed initialization in 6 ms
2019-05-24 09:56:10.271  INFO 25350 --- [Thread-3] o.s.s.concurrent.ThreadPoolTaskExecutor  : Shutting down ExecutorService 'applicationTaskExecutor'
2019-05-24 09:56:12.341  INFO 25375 --- [main] h.s.StaticTrafficManagementApplication   : Starting StaticTrafficManagementApplication on shuangjiadeMacBook-Pro.local with PID 25375 (/Users/shuangjiaxu/eclipse-workspace/static-traffic-management/target/classes started by shuangjiaxu in /Users/shuangjiaxu/eclipse-workspace/static-traffic-management)
2019-05-24 09:56:12.343  INFO 25375 --- [main] h.s.StaticTrafficManagementApplication   : No active profile set, falling back to default profiles: default
2019-05-24 09:56:12.733  WARN 25375 --- [main] o.m.s.mapper.ClassPathMapperScanner      : No MyBatis mapper was found in '[ht.statictrafficmanagement]' package. Please check your configuration.
2019-05-24 09:56:13.290  INFO 25375 --- [main] o.s.b.w.embedded.tomcat.TomcatWebServer  : Tomcat initialized with port(s): 8080 (http)
2019-05-24 09:56:13.317  INFO 25375 --- [main] o.apache.catalina.core.StandardService   : Starting service [Tomcat]
2019-05-24 09:56:13.317  INFO 25375 --- [main] org.apache.catalina.core.StandardEngine  : Starting Servlet engine: [Apache Tomcat/9.0.16]
2019-05-24 09:56:13.326  INFO 25375 --- [main] o.a.catalina.core.AprLifecycleListener   : The APR based Apache Tomcat Native library which allows optimal performance in production environments was not found on the java.library.path: [/Users/shuangjiaxu/Library/Java/Extensions:/Library/Java/Extensions:/Network/Library/Java/Extensions:/System/Library/Java/Extensions:/usr/lib/java:.]
2019-05-24 09:56:13.411  INFO 25375 --- [main] o.a.c.c.C.[Tomcat].[localhost].[/]       : Initializing Spring embedded WebApplicationContext
2019-05-24 09:56:13.411  INFO 25375 --- [main] o.s.web.context.ContextLoader            : Root WebApplicationContext: initialization completed in 1040 ms
2019-05-24 09:56:13.595  INFO 25375 --- [main] o.s.s.concurrent.ThreadPoolTaskExecutor  : Initializing ExecutorService 'applicationTaskExecutor'
2019-05-24 09:56:13.979  INFO 25375 --- [main] o.s.b.w.embedded.tomcat.TomcatWebServer  : Tomcat started on port(s): 8080 (http) with context path ''
2019-05-24 09:56:13.982  INFO 25375 --- [main] h.s.StaticTrafficManagementApplication   : Started StaticTrafficManagementApplication in 2.007 seconds (JVM running for 2.33)
2019-05-24 09:56:17.104  INFO 25375 --- [http-nio-8080-exec-1] o.a.c.c.C.[Tomcat].[localhost].[/]       : Initializing Spring DispatcherServlet 'dispatcherServlet'
2019-05-24 09:56:17.104  INFO 25375 --- [http-nio-8080-exec-1] o.s.web.servlet.DispatcherServlet        : Initializing Servlet 'dispatcherServlet'
2019-05-24 09:56:17.109  INFO 25375 --- [http-nio-8080-exec-1] o.s.web.servlet.DispatcherServlet        : Completed initialization in 5 ms
2019-05-24 10:37:54.978  INFO 25375 --- [Thread-3] o.s.s.concurrent.ThreadPoolTaskExecutor  : Shutting down ExecutorService 'applicationTaskExecutor'
2019-05-24 10:37:58.385  INFO 25474 --- [main] h.s.StaticTrafficManagementApplication   : Starting StaticTrafficManagementApplication on shuangjiadeMacBook-Pro.local with PID 25474 (/Users/shuangjiaxu/eclipse-workspace/static-traffic-management/target/classes started by shuangjiaxu in /Users/shuangjiaxu/eclipse-workspace/static-traffic-management)
2019-05-24 10:37:58.387  INFO 25474 --- [main] h.s.StaticTrafficManagementApplication   : No active profile set, falling back to default profiles: default
2019-05-24 10:37:58.787  WARN 25474 --- [main] o.m.s.mapper.ClassPathMapperScanner      : No MyBatis mapper was found in '[ht.statictrafficmanagement]' package. Please check your configuration.
2019-05-24 10:37:59.309  INFO 25474 --- [main] o.s.b.w.embedded.tomcat.TomcatWebServer  : Tomcat initialized with port(s): 8080 (http)
2019-05-24 10:37:59.331  INFO 25474 --- [main] o.apache.catalina.core.StandardService   : Starting service [Tomcat]
2019-05-24 10:37:59.331  INFO 25474 --- [main] org.apache.catalina.core.StandardEngine  : Starting Servlet engine: [Apache Tomcat/9.0.16]
2019-05-24 10:37:59.338  INFO 25474 --- [main] o.a.catalina.core.AprLifecycleListener   : The APR based Apache Tomcat Native library which allows optimal performance in production environments was not found on the java.library.path: [/Users/shuangjiaxu/Library/Java/Extensions:/Library/Java/Extensions:/Network/Library/Java/Extensions:/System/Library/Java/Extensions:/usr/lib/java:.]
2019-05-24 10:37:59.399  INFO 25474 --- [main] o.a.c.c.C.[Tomcat].[localhost].[/]       : Initializing Spring embedded WebApplicationContext
2019-05-24 10:37:59.399  INFO 25474 --- [main] o.s.web.context.ContextLoader            : Root WebApplicationContext: initialization completed in 986 ms
2019-05-24 10:37:59.591  INFO 25474 --- [main] o.s.s.concurrent.ThreadPoolTaskExecutor  : Initializing ExecutorService 'applicationTaskExecutor'
2019-05-24 10:37:59.965  INFO 25474 --- [main] o.s.b.w.embedded.tomcat.TomcatWebServer  : Tomcat started on port(s): 8080 (http) with context path ''
2019-05-24 10:37:59.968  INFO 25474 --- [main] h.s.StaticTrafficManagementApplication   : Started StaticTrafficManagementApplication in 1.951 seconds (JVM running for 2.313)
2019-05-24 10:38:04.086  INFO 25474 --- [http-nio-8080-exec-1] o.a.c.c.C.[Tomcat].[localhost].[/]       : Initializing Spring DispatcherServlet 'dispatcherServlet'
2019-05-24 10:38:04.086  INFO 25474 --- [http-nio-8080-exec-1] o.s.web.servlet.DispatcherServlet        : Initializing Servlet 'dispatcherServlet'
2019-05-24 10:38:04.092  INFO 25474 --- [http-nio-8080-exec-1] o.s.web.servlet.DispatcherServlet        : Completed initialization in 6 ms
2019-05-24 10:38:11.533 ERROR 25474 --- [http-nio-8080-exec-3] o.a.c.c.C.[.[.[/].[dispatcherServlet]    : Servlet.service() for servlet [dispatcherServlet] in context with path [] threw exception [Request processing failed; nested exception is java.lang.NullPointerException] with root cause

java.lang.NullPointerException: null
	at ht.statictrafficmanagement.controller.PathController.findNodeInMap(PathController.java:101) ~[classes/:na]
	at ht.statictrafficmanagement.controller.PathController.addPath(PathController.java:43) ~[classes/:na]
	at sun.reflect.NativeMethodAccessorImpl.invoke0(Native Method) ~[na:1.8.0_201]
	at sun.reflect.NativeMethodAccessorImpl.invoke(NativeMethodAccessorImpl.java:62) ~[na:1.8.0_201]
	at sun.reflect.DelegatingMethodAccessorImpl.invoke(DelegatingMethodAccessorImpl.java:43) ~[na:1.8.0_201]
	at java.lang.reflect.Method.invoke(Method.java:498) ~[na:1.8.0_201]
	at org.springframework.web.method.support.InvocableHandlerMethod.doInvoke(InvocableHandlerMethod.java:189) ~[spring-web-5.1.5.RELEASE.jar:5.1.5.RELEASE]
	at org.springframework.web.method.support.InvocableHandlerMethod.invokeForRequest(InvocableHandlerMethod.java:138) ~[spring-web-5.1.5.RELEASE.jar:5.1.5.RELEASE]
	at org.springframework.web.servlet.mvc.method.annotation.ServletInvocableHandlerMethod.invokeAndHandle(ServletInvocableHandlerMethod.java:102) ~[spring-webmvc-5.1.5.RELEASE.jar:5.1.5.RELEASE]
	at org.springframework.web.servlet.mvc.method.annotation.RequestMappingHandlerAdapter.invokeHandlerMethod(RequestMappingHandlerAdapter.java:895) ~[spring-webmvc-5.1.5.RELEASE.jar:5.1.5.RELEASE]
	at org.springframework.web.servlet.mvc.method.annotation.RequestMappingHandlerAdapter.handleInternal(RequestMappingHandlerAdapter.java:800) ~[spring-webmvc-5.1.5.RELEASE.jar:5.1.5.RELEASE]
	at org.springframework.web.servlet.mvc.method.AbstractHandlerMethodAdapter.handle(AbstractHandlerMethodAdapter.java:87) ~[spring-webmvc-5.1.5.RELEASE.jar:5.1.5.RELEASE]
	at org.springframework.web.servlet.DispatcherServlet.doDispatch(DispatcherServlet.java:1038) ~[spring-webmvc-5.1.5.RELEASE.jar:5.1.5.RELEASE]
	at org.springframework.web.servlet.DispatcherServlet.doService(DispatcherServlet.java:942) ~[spring-webmvc-5.1.5.RELEASE.jar:5.1.5.RELEASE]
	at org.springframework.web.servlet.FrameworkServlet.processRequest(FrameworkServlet.java:1005) ~[spring-webmvc-5.1.5.RELEASE.jar:5.1.5.RELEASE]
	at org.springframework.web.servlet.FrameworkServlet.doPost(FrameworkServlet.java:908) ~[spring-webmvc-5.1.5.RELEASE.jar:5.1.5.RELEASE]
	at javax.servlet.http.HttpServlet.service(HttpServlet.java:660) ~[tomcat-embed-core-9.0.16.jar:9.0.16]
	at org.springframework.web.servlet.FrameworkServlet.service(FrameworkServlet.java:882) ~[spring-webmvc-5.1.5.RELEASE.jar:5.1.5.RELEASE]
	at javax.servlet.http.HttpServlet.service(HttpServlet.java:741) ~[tomcat-embed-core-9.0.16.jar:9.0.16]
	at org.apache.catalina.core.ApplicationFilterChain.internalDoFilter(ApplicationFilterChain.java:231) ~[tomcat-embed-core-9.0.16.jar:9.0.16]
	at org.apache.catalina.core.ApplicationFilterChain.doFilter(ApplicationFilterChain.java:166) ~[tomcat-embed-core-9.0.16.jar:9.0.16]
	at org.apache.tomcat.websocket.server.WsFilter.doFilter(WsFilter.java:53) ~[tomcat-embed-websocket-9.0.16.jar:9.0.16]
	at org.apache.catalina.core.ApplicationFilterChain.internalDoFilter(ApplicationFilterChain.java:193) ~[tomcat-embed-core-9.0.16.jar:9.0.16]
	at org.apache.catalina.core.ApplicationFilterChain.doFilter(ApplicationFilterChain.java:166) ~[tomcat-embed-core-9.0.16.jar:9.0.16]
	at org.springframework.web.filter.RequestContextFilter.doFilterInternal(RequestContextFilter.java:99) ~[spring-web-5.1.5.RELEASE.jar:5.1.5.RELEASE]
	at org.springframework.web.filter.OncePerRequestFilter.doFilter(OncePerRequestFilter.java:107) ~[spring-web-5.1.5.RELEASE.jar:5.1.5.RELEASE]
	at org.apache.catalina.core.ApplicationFilterChain.internalDoFilter(ApplicationFilterChain.java:193) ~[tomcat-embed-core-9.0.16.jar:9.0.16]
	at org.apache.catalina.core.ApplicationFilterChain.doFilter(ApplicationFilterChain.java:166) ~[tomcat-embed-core-9.0.16.jar:9.0.16]
	at org.springframework.web.filter.FormContentFilter.doFilterInternal(FormContentFilter.java:92) ~[spring-web-5.1.5.RELEASE.jar:5.1.5.RELEASE]
	at org.springframework.web.filter.OncePerRequestFilter.doFilter(OncePerRequestFilter.java:107) ~[spring-web-5.1.5.RELEASE.jar:5.1.5.RELEASE]
	at org.apache.catalina.core.ApplicationFilterChain.internalDoFilter(ApplicationFilterChain.java:193) ~[tomcat-embed-core-9.0.16.jar:9.0.16]
	at org.apache.catalina.core.ApplicationFilterChain.doFilter(ApplicationFilterChain.java:166) ~[tomcat-embed-core-9.0.16.jar:9.0.16]
	at org.springframework.web.filter.HiddenHttpMethodFilter.doFilterInternal(HiddenHttpMethodFilter.java:93) ~[spring-web-5.1.5.RELEASE.jar:5.1.5.RELEASE]
	at org.springframework.web.filter.OncePerRequestFilter.doFilter(OncePerRequestFilter.java:107) ~[spring-web-5.1.5.RELEASE.jar:5.1.5.RELEASE]
	at org.apache.catalina.core.ApplicationFilterChain.internalDoFilter(ApplicationFilterChain.java:193) ~[tomcat-embed-core-9.0.16.jar:9.0.16]
	at org.apache.catalina.core.ApplicationFilterChain.doFilter(ApplicationFilterChain.java:166) ~[tomcat-embed-core-9.0.16.jar:9.0.16]
	at org.springframework.web.filter.CharacterEncodingFilter.doFilterInternal(CharacterEncodingFilter.java:200) ~[spring-web-5.1.5.RELEASE.jar:5.1.5.RELEASE]
	at org.springframework.web.filter.OncePerRequestFilter.doFilter(OncePerRequestFilter.java:107) ~[spring-web-5.1.5.RELEASE.jar:5.1.5.RELEASE]
	at org.apache.catalina.core.ApplicationFilterChain.internalDoFilter(ApplicationFilterChain.java:193) ~[tomcat-embed-core-9.0.16.jar:9.0.16]
	at org.apache.catalina.core.ApplicationFilterChain.doFilter(ApplicationFilterChain.java:166) ~[tomcat-embed-core-9.0.16.jar:9.0.16]
	at org.apache.catalina.core.StandardWrapperValve.invoke(StandardWrapperValve.java:200) ~[tomcat-embed-core-9.0.16.jar:9.0.16]
	at org.apache.catalina.core.StandardContextValve.invoke(StandardContextValve.java:96) [tomcat-embed-core-9.0.16.jar:9.0.16]
	at org.apache.catalina.authenticator.AuthenticatorBase.invoke(AuthenticatorBase.java:490) [tomcat-embed-core-9.0.16.jar:9.0.16]
	at org.apache.catalina.core.StandardHostValve.invoke(StandardHostValve.java:139) [tomcat-embed-core-9.0.16.jar:9.0.16]
	at org.apache.catalina.valves.ErrorReportValve.invoke(ErrorReportValve.java:92) [tomcat-embed-core-9.0.16.jar:9.0.16]
	at org.apache.catalina.core.StandardEngineValve.invoke(StandardEngineValve.java:74) [tomcat-embed-core-9.0.16.jar:9.0.16]
	at org.apache.catalina.connector.CoyoteAdapter.service(CoyoteAdapter.java:343) [tomcat-embed-core-9.0.16.jar:9.0.16]
	at org.apache.coyote.http11.Http11Processor.service(Http11Processor.java:408) [tomcat-embed-core-9.0.16.jar:9.0.16]
	at org.apache.coyote.AbstractProcessorLight.process(AbstractProcessorLight.java:66) [tomcat-embed-core-9.0.16.jar:9.0.16]
	at org.apache.coyote.AbstractProtocol$ConnectionHandler.process(AbstractProtocol.java:834) [tomcat-embed-core-9.0.16.jar:9.0.16]
	at org.apache.tomcat.util.net.NioEndpoint$SocketProcessor.doRun(NioEndpoint.java:1415) [tomcat-embed-core-9.0.16.jar:9.0.16]
	at org.apache.tomcat.util.net.SocketProcessorBase.run(SocketProcessorBase.java:49) [tomcat-embed-core-9.0.16.jar:9.0.16]
	at java.util.concurrent.ThreadPoolExecutor.runWorker(ThreadPoolExecutor.java:1149) [na:1.8.0_201]
	at java.util.concurrent.ThreadPoolExecutor$Worker.run(ThreadPoolExecutor.java:624) [na:1.8.0_201]
	at org.apache.tomcat.util.threads.TaskThread$WrappingRunnable.run(TaskThread.java:61) [tomcat-embed-core-9.0.16.jar:9.0.16]
	at java.lang.Thread.run(Thread.java:748) [na:1.8.0_201]

2019-05-24 11:16:46.029  INFO 25474 --- [Thread-3] o.s.s.concurrent.ThreadPoolTaskExecutor  : Shutting down ExecutorService 'applicationTaskExecutor'
2019-05-24 11:16:52.145  INFO 25500 --- [main] h.s.StaticTrafficManagementApplication   : Starting StaticTrafficManagementApplication on shuangjiadeMacBook-Pro.local with PID 25500 (/Users/shuangjiaxu/eclipse-workspace/static-traffic-management/target/classes started by shuangjiaxu in /Users/shuangjiaxu/eclipse-workspace/static-traffic-management)
2019-05-24 11:16:52.147  INFO 25500 --- [main] h.s.StaticTrafficManagementApplication   : No active profile set, falling back to default profiles: default
2019-05-24 11:16:52.541  WARN 25500 --- [main] o.m.s.mapper.ClassPathMapperScanner      : No MyBatis mapper was found in '[ht.statictrafficmanagement]' package. Please check your configuration.
2019-05-24 11:16:53.096  INFO 25500 --- [main] o.s.b.w.embedded.tomcat.TomcatWebServer  : Tomcat initialized with port(s): 8080 (http)
2019-05-24 11:16:53.121  INFO 25500 --- [main] o.apache.catalina.core.StandardService   : Starting service [Tomcat]
2019-05-24 11:16:53.121  INFO 25500 --- [main] org.apache.catalina.core.StandardEngine  : Starting Servlet engine: [Apache Tomcat/9.0.16]
2019-05-24 11:16:53.130  INFO 25500 --- [main] o.a.catalina.core.AprLifecycleListener   : The APR based Apache Tomcat Native library which allows optimal performance in production environments was not found on the java.library.path: [/Users/shuangjiaxu/Library/Java/Extensions:/Library/Java/Extensions:/Network/Library/Java/Extensions:/System/Library/Java/Extensions:/usr/lib/java:.]
2019-05-24 11:16:53.215  INFO 25500 --- [main] o.a.c.c.C.[Tomcat].[localhost].[/]       : Initializing Spring embedded WebApplicationContext
2019-05-24 11:16:53.215  INFO 25500 --- [main] o.s.web.context.ContextLoader            : Root WebApplicationContext: initialization completed in 1037 ms
2019-05-24 11:16:53.402  INFO 25500 --- [main] o.s.s.concurrent.ThreadPoolTaskExecutor  : Initializing ExecutorService 'applicationTaskExecutor'
2019-05-24 11:16:53.781  INFO 25500 --- [main] o.s.b.w.embedded.tomcat.TomcatWebServer  : Tomcat started on port(s): 8080 (http) with context path ''
2019-05-24 11:16:53.784  INFO 25500 --- [main] h.s.StaticTrafficManagementApplication   : Started StaticTrafficManagementApplication in 2.023 seconds (JVM running for 2.35)
2019-05-24 11:16:58.518  INFO 25500 --- [http-nio-8080-exec-1] o.a.c.c.C.[Tomcat].[localhost].[/]       : Initializing Spring DispatcherServlet 'dispatcherServlet'
2019-05-24 11:16:58.518  INFO 25500 --- [http-nio-8080-exec-1] o.s.web.servlet.DispatcherServlet        : Initializing Servlet 'dispatcherServlet'
2019-05-24 11:16:58.524  INFO 25500 --- [http-nio-8080-exec-1] o.s.web.servlet.DispatcherServlet        : Completed initialization in 5 ms
2019-05-24 11:39:37.255  INFO 25500 --- [Thread-3] o.s.s.concurrent.ThreadPoolTaskExecutor  : Shutting down ExecutorService 'applicationTaskExecutor'
